android/build/intermediates/manifest_merge_blame_file/debug/manifest-merger-blame-debug-report.txt
1<?xml version="1.0" encoding="utf-8"?>
2<manifest xmlns:android="http://schemas.android.com/apk/res/android"
3    package="com.appgoalz.rnjwplayer"
4    android:versionCode="1"
5    android:versionName="1.0" >
6
7    <uses-sdk
8        android:minSdkVersion="16"
8-->src\main\AndroidManifest.xml
9        android:targetSdkVersion="28" />
9-->src\main\AndroidManifest.xml
10
11    <uses-permission android:name="android.permission.INTERNET" />
11-->src\main\AndroidManifest.xml:4:5-67
11-->src\main\AndroidManifest.xml:4:22-64
12    <uses-permission android:name="android.permission.WAKE_LOCK" />
12-->src\main\AndroidManifest.xml:5:5-68
12-->src\main\AndroidManifest.xml:5:22-65
13    <uses-permission android:name="android.permission.FOREGROUND_SERVICE" />
13-->src\main\AndroidManifest.xml:6:5-77
13-->src\main\AndroidManifest.xml:6:22-74
14    <uses-permission android:name="android.permission.BLUETOOTH" />
14-->src\main\AndroidManifest.xml:7:5-67
14-->src\main\AndroidManifest.xml:7:22-65
15    <uses-permission android:name="android.permission.ACCESS_NETWORK_STATE" />
15-->src\main\AndroidManifest.xml:8:5-78
15-->src\main\AndroidManifest.xml:8:22-76
16    <uses-permission android:name="android.permission.ACCESS_WIFI_STATE" />
16-->src\main\AndroidManifest.xml:9:5-75
16-->src\main\AndroidManifest.xml:9:22-73
17    <uses-permission android:name="android.permission.CHANGE_WIFI_STATE" />
17-->src\main\AndroidManifest.xml:10:5-75
17-->src\main\AndroidManifest.xml:10:22-73
18    <uses-permission android:name="android.permission.READ_EXTERNAL_STORAGE" />
18-->src\main\AndroidManifest.xml:11:5-79
18-->src\main\AndroidManifest.xml:11:22-77
19
20    <application>
20-->src\main\AndroidManifest.xml:13:5-29:19
21        <receiver android:name="androidx.media.session.MediaButtonReceiver" >
21-->src\main\AndroidManifest.xml:14:9-18:20
21-->src\main\AndroidManifest.xml:14:19-76
22            <intent-filter>
22-->src\main\AndroidManifest.xml:15:13-17:29
23                <action android:name="android.intent.action.MEDIA_BUTTON" />
23-->src\main\AndroidManifest.xml:16:17-77
23-->src\main\AndroidManifest.xml:16:25-74
24            </intent-filter>
25        </receiver>
26
27        <service
27-->src\main\AndroidManifest.xml:19:9-25:19
28            android:name="com.jwplayer.pub.api.background.MediaService"
28-->src\main\AndroidManifest.xml:20:13-72
29            android:exported="false" >
29-->src\main\AndroidManifest.xml:21:13-37
30            <intent-filter>
30-->src\main\AndroidManifest.xml:15:13-17:29
31                <action android:name="android.intent.action.MEDIA_BUTTON" />
31-->src\main\AndroidManifest.xml:16:17-77
31-->src\main\AndroidManifest.xml:16:25-74
32            </intent-filter>
33        </service>
34
35        <meta-data
35-->src\main\AndroidManifest.xml:26:9-28:75
36            android:name="com.google.android.gms.cast.framework.OPTIONS_PROVIDER_CLASS_NAME"
36-->src\main\AndroidManifest.xml:27:13-93
37            android:value="com.appgoalz.rnjwplayer.CastOptionsProvider" />
37-->src\main\AndroidManifest.xml:28:13-72
38    </application>
39
40</manifest>